Performing C SOURCE FILE Test SUPPORT_SSE_BUILD failed with the following compile output:
Change Dir: /root/blender-git/blender-2.7.9/blender-2.79/build/CMakeFiles/CMakeTmp

Run Build Command(s):/usr/bin/gmake cmTC_eb883/fast && /usr/bin/gmake  -f CMakeFiles/cmTC_eb883.dir/build.make CMakeFiles/cmTC_eb883.dir/build
gmake[1]: Entering directory '/root/blender-git/blender-2.7.9/blender-2.79/build/CMakeFiles/CMakeTmp'
Building C object CMakeFiles/cmTC_eb883.dir/src.c.o
/usr/bin/cc   -DSUPPORT_SSE_BUILD -msse -msse2 -o CMakeFiles/cmTC_eb883.dir/src.c.o -c /root/blender-git/blender-2.7.9/blender-2.79/build/CMakeFiles/CMakeTmp/src.c
cc: error: unrecognized command-line option '-msse'
cc: error: unrecognized command-line option '-msse2'
gmake[1]: *** [CMakeFiles/cmTC_eb883.dir/build.make:85: CMakeFiles/cmTC_eb883.dir/src.c.o] Error 1
gmake[1]: Leaving directory '/root/blender-git/blender-2.7.9/blender-2.79/build/CMakeFiles/CMakeTmp'
gmake: *** [Makefile:140: cmTC_eb883/fast] Error 2


...and run output:

Return value: 1
Source file was:

			#include <xmmintrin.h>
			int main(void) { __m128 v = _mm_setzero_ps(); return 0; }
Performing C SOURCE FILE Test SUPPORT_SSE2_BUILD failed with the following compile output:
Change Dir: /root/blender-git/blender-2.7.9/blender-2.79/build/CMakeFiles/CMakeTmp

Run Build Command(s):/usr/bin/gmake cmTC_132f7/fast && /usr/bin/gmake  -f CMakeFiles/cmTC_132f7.dir/build.make CMakeFiles/cmTC_132f7.dir/build
gmake[1]: Entering directory '/root/blender-git/blender-2.7.9/blender-2.79/build/CMakeFiles/CMakeTmp'
Building C object CMakeFiles/cmTC_132f7.dir/src.c.o
/usr/bin/cc   -DSUPPORT_SSE2_BUILD -msse -msse2 -o CMakeFiles/cmTC_132f7.dir/src.c.o -c /root/blender-git/blender-2.7.9/blender-2.79/build/CMakeFiles/CMakeTmp/src.c
cc: error: unrecognized command-line option '-msse'
cc: error: unrecognized command-line option '-msse2'
gmake[1]: *** [CMakeFiles/cmTC_132f7.dir/build.make:85: CMakeFiles/cmTC_132f7.dir/src.c.o] Error 1
gmake[1]: Leaving directory '/root/blender-git/blender-2.7.9/blender-2.79/build/CMakeFiles/CMakeTmp'
gmake: *** [Makefile:140: cmTC_132f7/fast] Error 2


...and run output:

Return value: 1
Source file was:

			#include <emmintrin.h>
			int main(void) { __m128d v = _mm_setzero_pd(); return 0; }
Performing C SOURCE FILE Test CMAKE_HAVE_LIBC_PTHREAD failed with the following output:
Change Dir: /root/blender-git/blender-2.7.9/blender-2.79/build/CMakeFiles/CMakeTmp

Run Build Command(s):/usr/bin/gmake cmTC_40c0f/fast && /usr/bin/gmake  -f CMakeFiles/cmTC_40c0f.dir/build.make CMakeFiles/cmTC_40c0f.dir/build
gmake[1]: Entering directory '/root/blender-git/blender-2.7.9/blender-2.79/build/CMakeFiles/CMakeTmp'
Building C object CMakeFiles/cmTC_40c0f.dir/src.c.o
/usr/bin/cc   -DCMAKE_HAVE_LIBC_PTHREAD -o CMakeFiles/cmTC_40c0f.dir/src.c.o -c /root/blender-git/blender-2.7.9/blender-2.79/build/CMakeFiles/CMakeTmp/src.c
Linking C executable cmTC_40c0f
/usr/bin/cmake -E cmake_link_script CMakeFiles/cmTC_40c0f.dir/link.txt --verbose=1
/usr/bin/cc  -DCMAKE_HAVE_LIBC_PTHREAD -rdynamic CMakeFiles/cmTC_40c0f.dir/src.c.o -o cmTC_40c0f 
/usr/bin/ld: CMakeFiles/cmTC_40c0f.dir/src.c.o: in function `main':
src.c:(.text+0x26): undefined reference to `pthread_create'
/usr/bin/ld: src.c:(.text+0x2e): undefined reference to `pthread_detach'
/usr/bin/ld: src.c:(.text+0x36): undefined reference to `pthread_cancel'
/usr/bin/ld: src.c:(.text+0x40): undefined reference to `pthread_join'
collect2: error: ld returned 1 exit status
gmake[1]: *** [CMakeFiles/cmTC_40c0f.dir/build.make:106: cmTC_40c0f] Error 1
gmake[1]: Leaving directory '/root/blender-git/blender-2.7.9/blender-2.79/build/CMakeFiles/CMakeTmp'
gmake: *** [Makefile:140: cmTC_40c0f/fast] Error 2


Source file was:
#include <pthread.h>

void* test_func(void* data)
{
  return data;
}

int main(void)
{
  pthread_t thread;
  pthread_create(&thread, NULL, test_func, NULL);
  pthread_detach(thread);
  pthread_cancel(thread);
  pthread_join(thread, NULL);
  pthread_atfork(NULL, NULL, NULL);
  pthread_exit(NULL);

  return 0;
}

Determining if the function pthread_create exists in the pthreads failed with the following output:
Change Dir: /root/blender-git/blender-2.7.9/blender-2.79/build/CMakeFiles/CMakeTmp

Run Build Command(s):/usr/bin/gmake cmTC_133a4/fast && /usr/bin/gmake  -f CMakeFiles/cmTC_133a4.dir/build.make CMakeFiles/cmTC_133a4.dir/build
gmake[1]: Entering directory '/root/blender-git/blender-2.7.9/blender-2.79/build/CMakeFiles/CMakeTmp'
Building C object CMakeFiles/cmTC_133a4.dir/CheckFunctionExists.c.o
/usr/bin/cc   -DCHECK_FUNCTION_EXISTS=pthread_create -o CMakeFiles/cmTC_133a4.dir/CheckFunctionExists.c.o -c /usr/share/cmake-3.18/Modules/CheckFunctionExists.c
Linking C executable cmTC_133a4
/usr/bin/cmake -E cmake_link_script CMakeFiles/cmTC_133a4.dir/link.txt --verbose=1
/usr/bin/cc  -DCHECK_FUNCTION_EXISTS=pthread_create -rdynamic CMakeFiles/cmTC_133a4.dir/CheckFunctionExists.c.o -o cmTC_133a4  -lpthreads 
/usr/bin/ld: cannot find -lpthreads
collect2: error: ld returned 1 exit status
gmake[1]: *** [CMakeFiles/cmTC_133a4.dir/build.make:106: cmTC_133a4] Error 1
gmake[1]: Leaving directory '/root/blender-git/blender-2.7.9/blender-2.79/build/CMakeFiles/CMakeTmp'
gmake: *** [Makefile:140: cmTC_133a4/fast] Error 2



