The system is: Linux - 6.17.0-PRoot-Distro - armv7l
Compiling the C compiler identification source file "CMakeCCompilerId.c" succeeded.
Compiler: /usr/bin/cc 
Build flags: 
Id flags:  

The output was:
0


Compilation of the C compiler identification source "CMakeCCompilerId.c" produced "a.out"

The C compiler identification is GNU, found in "/root/blender-git/blender-2.7.9/blender-2.79/build/CMakeFiles/3.18.4/CompilerIdC/a.out"

Compiling the CXX compiler identification source file "CMakeCXXCompilerId.cpp" succeeded.
Compiler: /usr/bin/c++ 
Build flags: -fPIC;-mbe32;-march=native
Id flags:  

The output was:
0


Compilation of the CXX compiler identification source "CMakeCXXCompilerId.cpp" produced "a.out"

The CXX compiler identification is GNU, found in "/root/blender-git/blender-2.7.9/blender-2.79/build/CMakeFiles/3.18.4/CompilerIdCXX/a.out"

Detecting C compiler ABI info compiled with the following output:
Change Dir: /root/blender-git/blender-2.7.9/blender-2.79/build/CMakeFiles/CMakeTmp

Run Build Command(s):/usr/bin/gmake cmTC_af713/fast && /usr/bin/gmake  -f CMakeFiles/cmTC_af713.dir/build.make CMakeFiles/cmTC_af713.dir/build
gmake[1]: Entering directory '/root/blender-git/blender-2.7.9/blender-2.79/build/CMakeFiles/CMakeTmp'
Building C object CMakeFiles/cmTC_af713.dir/CMakeCCompilerABI.c.o
/usr/bin/cc   -v -o CMakeFiles/cmTC_af713.dir/CMakeCCompilerABI.c.o -c /usr/share/cmake-3.18/Modules/CMakeCCompilerABI.c
Using built-in specs.
COLLECT_GCC=/usr/bin/cc
Target: arm-linux-gnueabihf
Configured with: ../src/configure -v --with-pkgversion='Debian 10.2.1-6' --with-bugurl=file:///usr/share/doc/gcc-10/README.Bugs --enable-languages=c,ada,c++,go,d,fortran,objc,obj-c++,m2 --prefix=/usr --with-gcc-major-version-only --program-suffix=-10 --program-prefix=arm-linux-gnueabihf- --enable-shared --enable-linker-build-id --libexecdir=/usr/lib --without-included-gettext --enable-threads=posix --libdir=/usr/lib --enable-nls --enable-bootstrap --enable-clocale=gnu --enable-libstdcxx-debug --enable-libstdcxx-time=yes --with-default-libstdcxx-abi=new --enable-gnu-unique-object --disable-libitm --disable-libquadmath --disable-libquadmath-support --enable-plugin --enable-default-pie --with-system-zlib --enable-libphobos-checking=release --with-target-system-zlib=auto --enable-objc-gc=auto --enable-multiarch --disable-sjlj-exceptions --with-arch=armv7-a --with-fpu=vfpv3-d16 --with-float=hard --with-mode=thumb --disable-werror --enable-checking=release --build=arm-linux-gnueabihf --host=arm-linux-gnueabihf --target=arm-linux-gnueabihf
Thread model: posix
Supported LTO compression algorithms: zlib zstd
gcc version 10.2.1 20210110 (Debian 10.2.1-6) 
COLLECT_GCC_OPTIONS='-v' '-o' 'CMakeFiles/cmTC_af713.dir/CMakeCCompilerABI.c.o' '-c'  '-mfloat-abi=hard' '-mfpu=vfpv3-d16' '-mthumb' '-mtls-dialect=gnu' '-march=armv7-a+fp'
 /usr/lib/gcc/arm-linux-gnueabihf/10/cc1 -quiet -v -imultilib . -imultiarch arm-linux-gnueabihf /usr/share/cmake-3.18/Modules/CMakeCCompilerABI.c -quiet -dumpbase CMakeCCompilerABI.c -mfloat-abi=hard -mfpu=vfpv3-d16 -mthumb -mtls-dialect=gnu -march=armv7-a+fp -auxbase-strip CMakeFiles/cmTC_af713.dir/CMakeCCompilerABI.c.o -version -o /tmp/ccYzAy6m.s
GNU C17 (Debian 10.2.1-6) version 10.2.1 20210110 (arm-linux-gnueabihf)
	compiled by GNU C version 10.2.1 20210110, GMP version 6.2.1, MPFR version 4.1.0, MPC version 1.2.0, isl version isl-0.23-GMP

GGC heuristics: --param ggc-min-expand=100 --param ggc-min-heapsize=131072
ignoring nonexistent directory "/usr/local/include/arm-linux-gnueabihf"
ignoring nonexistent directory "/usr/lib/gcc/arm-linux-gnueabihf/10/include-fixed"
ignoring nonexistent directory "/usr/lib/gcc/arm-linux-gnueabihf/10/../../../../arm-linux-gnueabihf/include"
#include "..." search starts here:
#include <...> search starts here:
 /usr/lib/gcc/arm-linux-gnueabihf/10/include
 /usr/local/include
 /usr/include/arm-linux-gnueabihf
 /usr/include
End of search list.
GNU C17 (Debian 10.2.1-6) version 10.2.1 20210110 (arm-linux-gnueabihf)
	compiled by GNU C version 10.2.1 20210110, GMP version 6.2.1, MPFR version 4.1.0, MPC version 1.2.0, isl version isl-0.23-GMP

GGC heuristics: --param ggc-min-expand=100 --param ggc-min-heapsize=131072
Compiler executable checksum: 54bff04c63f3a3d130c95969c3f068a5
COLLECT_GCC_OPTIONS='-v' '-o' 'CMakeFiles/cmTC_af713.dir/CMakeCCompilerABI.c.o' '-c'  '-mfloat-abi=hard' '-mfpu=vfpv3-d16' '-mthumb' '-mtls-dialect=gnu' '-march=armv7-a+fp'
 as -v -march=armv7-a -mfloat-abi=hard -mfpu=vfpv3-d16 -meabi=5 -o CMakeFiles/cmTC_af713.dir/CMakeCCompilerABI.c.o /tmp/ccYzAy6m.s
GNU assembler version 2.35.2 (arm-linux-gnueabihf) using BFD version (GNU Binutils for Debian) 2.35.2
COMPILER_PATH=/usr/lib/gcc/arm-linux-gnueabihf/10/:/usr/lib/gcc/arm-linux-gnueabihf/10/:/usr/lib/gcc/arm-linux-gnueabihf/:/usr/lib/gcc/arm-linux-gnueabihf/10/:/usr/lib/gcc/arm-linux-gnueabihf/
LIBRARY_PATH=/usr/lib/gcc/arm-linux-gnueabihf/10/:/usr/lib/gcc/arm-linux-gnueabihf/10/../../../arm-linux-gnueabihf/:/usr/lib/gcc/arm-linux-gnueabihf/10/../../../:/lib/arm-linux-gnueabihf/:/lib/:/usr/lib/arm-linux-gnueabihf/:/usr/lib/
COLLECT_GCC_OPTIONS='-v' '-o' 'CMakeFiles/cmTC_af713.dir/CMakeCCompilerABI.c.o' '-c'  '-mfloat-abi=hard' '-mfpu=vfpv3-d16' '-mthumb' '-mtls-dialect=gnu' '-march=armv7-a+fp'
Linking C executable cmTC_af713
/usr/bin/cmake -E cmake_link_script CMakeFiles/cmTC_af713.dir/link.txt --verbose=1
/usr/bin/cc  -v -rdynamic CMakeFiles/cmTC_af713.dir/CMakeCCompilerABI.c.o -o cmTC_af713 
Using built-in specs.
COLLECT_GCC=/usr/bin/cc
COLLECT_LTO_WRAPPER=/usr/lib/gcc/arm-linux-gnueabihf/10/lto-wrapper
Target: arm-linux-gnueabihf
Configured with: ../src/configure -v --with-pkgversion='Debian 10.2.1-6' --with-bugurl=file:///usr/share/doc/gcc-10/README.Bugs --enable-languages=c,ada,c++,go,d,fortran,objc,obj-c++,m2 --prefix=/usr --with-gcc-major-version-only --program-suffix=-10 --program-prefix=arm-linux-gnueabihf- --enable-shared --enable-linker-build-id --libexecdir=/usr/lib --without-included-gettext --enable-threads=posix --libdir=/usr/lib --enable-nls --enable-bootstrap --enable-clocale=gnu --enable-libstdcxx-debug --enable-libstdcxx-time=yes --with-default-libstdcxx-abi=new --enable-gnu-unique-object --disable-libitm --disable-libquadmath --disable-libquadmath-support --enable-plugin --enable-default-pie --with-system-zlib --enable-libphobos-checking=release --with-target-system-zlib=auto --enable-objc-gc=auto --enable-multiarch --disable-sjlj-exceptions --with-arch=armv7-a --with-fpu=vfpv3-d16 --with-float=hard --with-mode=thumb --disable-werror --enable-checking=release --build=arm-linux-gnueabihf --host=arm-linux-gnueabihf --target=arm-linux-gnueabihf
Thread model: posix
Supported LTO compression algorithms: zlib zstd
gcc version 10.2.1 20210110 (Debian 10.2.1-6) 
COMPILER_PATH=/usr/lib/gcc/arm-linux-gnueabihf/10/:/usr/lib/gcc/arm-linux-gnueabihf/10/:/usr/lib/gcc/arm-linux-gnueabihf/:/usr/lib/gcc/arm-linux-gnueabihf/10/:/usr/lib/gcc/arm-linux-gnueabihf/
LIBRARY_PATH=/usr/lib/gcc/arm-linux-gnueabihf/10/:/usr/lib/gcc/arm-linux-gnueabihf/10/../../../arm-linux-gnueabihf/:/usr/lib/gcc/arm-linux-gnueabihf/10/../../../:/lib/arm-linux-gnueabihf/:/lib/:/usr/lib/arm-linux-gnueabihf/:/usr/lib/
COLLECT_GCC_OPTIONS='-v' '-rdynamic' '-o' 'cmTC_af713'  '-mfloat-abi=hard' '-mfpu=vfpv3-d16' '-mthumb' '-mtls-dialect=gnu' '-march=armv7-a+fp'
 /usr/lib/gcc/arm-linux-gnueabihf/10/collect2 -plugin /usr/lib/gcc/arm-linux-gnueabihf/10/liblto_plugin.so -plugin-opt=/usr/lib/gcc/arm-linux-gnueabihf/10/lto-wrapper -plugin-opt=-fresolution=/tmp/ccFzA2DR.res -plugin-opt=-pass-through=-lgcc -plugin-opt=-pass-through=-lgcc_s -plugin-opt=-pass-through=-lc -plugin-opt=-pass-through=-lgcc -plugin-opt=-pass-through=-lgcc_s --build-id --eh-frame-hdr -export-dynamic -dynamic-linker /lib/ld-linux-armhf.so.3 -X --hash-style=gnu --as-needed -m armelf_linux_eabi -pie -o cmTC_af713 /usr/lib/gcc/arm-linux-gnueabihf/10/../../../arm-linux-gnueabihf/Scrt1.o /usr/lib/gcc/arm-linux-gnueabihf/10/../../../arm-linux-gnueabihf/crti.o /usr/lib/gcc/arm-linux-gnueabihf/10/crtbeginS.o -L/usr/lib/gcc/arm-linux-gnueabihf/10 -L/usr/lib/gcc/arm-linux-gnueabihf/10/../../../arm-linux-gnueabihf -L/usr/lib/gcc/arm-linux-gnueabihf/10/../../.. -L/lib/arm-linux-gnueabihf -L/usr/lib/arm-linux-gnueabihf CMakeFiles/cmTC_af713.dir/CMakeCCompilerABI.c.o -lgcc --push-state --as-needed -lgcc_s --pop-state -lc -lgcc --push-state --as-needed -lgcc_s --pop-state /usr/lib/gcc/arm-linux-gnueabihf/10/crtendS.o /usr/lib/gcc/arm-linux-gnueabihf/10/../../../arm-linux-gnueabihf/crtn.o
COLLECT_GCC_OPTIONS='-v' '-rdynamic' '-o' 'cmTC_af713'  '-mfloat-abi=hard' '-mfpu=vfpv3-d16' '-mthumb' '-mtls-dialect=gnu' '-march=armv7-a+fp'
gmake[1]: Leaving directory '/root/blender-git/blender-2.7.9/blender-2.79/build/CMakeFiles/CMakeTmp'



Parsed C implicit include dir info from above output: rv=done
  found start of include info
  found start of implicit include info
    add: [/usr/lib/gcc/arm-linux-gnueabihf/10/include]
    add: [/usr/local/include]
    add: [/usr/include/arm-linux-gnueabihf]
    add: [/usr/include]
  end of search list found
  collapse include dir [/usr/lib/gcc/arm-linux-gnueabihf/10/include] ==> [/usr/lib/gcc/arm-linux-gnueabihf/10/include]
  collapse include dir [/usr/local/include] ==> [/usr/local/include]
  collapse include dir [/usr/include/arm-linux-gnueabihf] ==> [/usr/include/arm-linux-gnueabihf]
  collapse include dir [/usr/include] ==> [/usr/include]
  implicit include dirs: [/usr/lib/gcc/arm-linux-gnueabihf/10/include;/usr/local/include;/usr/include/arm-linux-gnueabihf;/usr/include]


Parsed C implicit link information from above output:
  link line regex: [^( *|.*[/\])(ld|CMAKE_LINK_STARTFILE-NOTFOUND|([^/\]+-)?ld|collect2)[^/\]*( |$)]
  ignore line: [Change Dir: /root/blender-git/blender-2.7.9/blender-2.79/build/CMakeFiles/CMakeTmp]
  ignore line: []
  ignore line: [Run Build Command(s):/usr/bin/gmake cmTC_af713/fast && /usr/bin/gmake  -f CMakeFiles/cmTC_af713.dir/build.make CMakeFiles/cmTC_af713.dir/build]
  ignore line: [gmake[1]: Entering directory '/root/blender-git/blender-2.7.9/blender-2.79/build/CMakeFiles/CMakeTmp']
  ignore line: [Building C object CMakeFiles/cmTC_af713.dir/CMakeCCompilerABI.c.o]
  ignore line: [/usr/bin/cc   -v -o CMakeFiles/cmTC_af713.dir/CMakeCCompilerABI.c.o -c /usr/share/cmake-3.18/Modules/CMakeCCompilerABI.c]
  ignore line: [Using built-in specs.]
  ignore line: [COLLECT_GCC=/usr/bin/cc]
  ignore line: [Target: arm-linux-gnueabihf]
  ignore line: [Configured with: ../src/configure -v --with-pkgversion='Debian 10.2.1-6' --with-bugurl=file:///usr/share/doc/gcc-10/README.Bugs --enable-languages=c ada c++ go d fortran objc obj-c++ m2 --prefix=/usr --with-gcc-major-version-only --program-suffix=-10 --program-prefix=arm-linux-gnueabihf- --enable-shared --enable-linker-build-id --libexecdir=/usr/lib --without-included-gettext --enable-threads=posix --libdir=/usr/lib --enable-nls --enable-bootstrap --enable-clocale=gnu --enable-libstdcxx-debug --enable-libstdcxx-time=yes --with-default-libstdcxx-abi=new --enable-gnu-unique-object --disable-libitm --disable-libquadmath --disable-libquadmath-support --enable-plugin --enable-default-pie --with-system-zlib --enable-libphobos-checking=release --with-target-system-zlib=auto --enable-objc-gc=auto --enable-multiarch --disable-sjlj-exceptions --with-arch=armv7-a --with-fpu=vfpv3-d16 --with-float=hard --with-mode=thumb --disable-werror --enable-checking=release --build=arm-linux-gnueabihf --host=arm-linux-gnueabihf --target=arm-linux-gnueabihf]
  ignore line: [Thread model: posix]
  ignore line: [Supported LTO compression algorithms: zlib zstd]
  ignore line: [gcc version 10.2.1 20210110 (Debian 10.2.1-6) ]
  ignore line: [COLLECT_GCC_OPTIONS='-v' '-o' 'CMakeFiles/cmTC_af713.dir/CMakeCCompilerABI.c.o' '-c'  '-mfloat-abi=hard' '-mfpu=vfpv3-d16' '-mthumb' '-mtls-dialect=gnu' '-march=armv7-a+fp']
  ignore line: [ /usr/lib/gcc/arm-linux-gnueabihf/10/cc1 -quiet -v -imultilib . -imultiarch arm-linux-gnueabihf /usr/share/cmake-3.18/Modules/CMakeCCompilerABI.c -quiet -dumpbase CMakeCCompilerABI.c -mfloat-abi=hard -mfpu=vfpv3-d16 -mthumb -mtls-dialect=gnu -march=armv7-a+fp -auxbase-strip CMakeFiles/cmTC_af713.dir/CMakeCCompilerABI.c.o -version -o /tmp/ccYzAy6m.s]
  ignore line: [GNU C17 (Debian 10.2.1-6) version 10.2.1 20210110 (arm-linux-gnueabihf)]
  ignore line: [	compiled by GNU C version 10.2.1 20210110  GMP version 6.2.1  MPFR version 4.1.0  MPC version 1.2.0  isl version isl-0.23-GMP]
  ignore line: []
  ignore line: [GGC heuristics: --param ggc-min-expand=100 --param ggc-min-heapsize=131072]
  ignore line: [ignoring nonexistent directory "/usr/local/include/arm-linux-gnueabihf"]
  ignore line: [ignoring nonexistent directory "/usr/lib/gcc/arm-linux-gnueabihf/10/include-fixed"]
  ignore line: [ignoring nonexistent directory "/usr/lib/gcc/arm-linux-gnueabihf/10/../../../../arm-linux-gnueabihf/include"]
  ignore line: [#include "..." search starts here:]
  ignore line: [#include <...> search starts here:]
  ignore line: [ /usr/lib/gcc/arm-linux-gnueabihf/10/include]
  ignore line: [ /usr/local/include]
  ignore line: [ /usr/include/arm-linux-gnueabihf]
  ignore line: [ /usr/include]
  ignore line: [End of search list.]
  ignore line: [GNU C17 (Debian 10.2.1-6) version 10.2.1 20210110 (arm-linux-gnueabihf)]
  ignore line: [	compiled by GNU C version 10.2.1 20210110  GMP version 6.2.1  MPFR version 4.1.0  MPC version 1.2.0  isl version isl-0.23-GMP]
  ignore line: []
  ignore line: [GGC heuristics: --param ggc-min-expand=100 --param ggc-min-heapsize=131072]
  ignore line: [Compiler executable checksum: 54bff04c63f3a3d130c95969c3f068a5]
  ignore line: [COLLECT_GCC_OPTIONS='-v' '-o' 'CMakeFiles/cmTC_af713.dir/CMakeCCompilerABI.c.o' '-c'  '-mfloat-abi=hard' '-mfpu=vfpv3-d16' '-mthumb' '-mtls-dialect=gnu' '-march=armv7-a+fp']
  ignore line: [ as -v -march=armv7-a -mfloat-abi=hard -mfpu=vfpv3-d16 -meabi=5 -o CMakeFiles/cmTC_af713.dir/CMakeCCompilerABI.c.o /tmp/ccYzAy6m.s]
  ignore line: [GNU assembler version 2.35.2 (arm-linux-gnueabihf) using BFD version (GNU Binutils for Debian) 2.35.2]
  ignore line: [COMPILER_PATH=/usr/lib/gcc/arm-linux-gnueabihf/10/:/usr/lib/gcc/arm-linux-gnueabihf/10/:/usr/lib/gcc/arm-linux-gnueabihf/:/usr/lib/gcc/arm-linux-gnueabihf/10/:/usr/lib/gcc/arm-linux-gnueabihf/]
  ignore line: [LIBRARY_PATH=/usr/lib/gcc/arm-linux-gnueabihf/10/:/usr/lib/gcc/arm-linux-gnueabihf/10/../../../arm-linux-gnueabihf/:/usr/lib/gcc/arm-linux-gnueabihf/10/../../../:/lib/arm-linux-gnueabihf/:/lib/:/usr/lib/arm-linux-gnueabihf/:/usr/lib/]
  ignore line: [COLLECT_GCC_OPTIONS='-v' '-o' 'CMakeFiles/cmTC_af713.dir/CMakeCCompilerABI.c.o' '-c'  '-mfloat-abi=hard' '-mfpu=vfpv3-d16' '-mthumb' '-mtls-dialect=gnu' '-march=armv7-a+fp']
  ignore line: [Linking C executable cmTC_af713]
  ignore line: [/usr/bin/cmake -E cmake_link_script CMakeFiles/cmTC_af713.dir/link.txt --verbose=1]
  ignore line: [/usr/bin/cc  -v -rdynamic CMakeFiles/cmTC_af713.dir/CMakeCCompilerABI.c.o -o cmTC_af713 ]
  ignore line: [Using built-in specs.]
  ignore line: [COLLECT_GCC=/usr/bin/cc]
  ignore line: [COLLECT_LTO_WRAPPER=/usr/lib/gcc/arm-linux-gnueabihf/10/lto-wrapper]
  ignore line: [Target: arm-linux-gnueabihf]
  ignore line: [Configured with: ../src/configure -v --with-pkgversion='Debian 10.2.1-6' --with-bugurl=file:///usr/share/doc/gcc-10/README.Bugs --enable-languages=c ada c++ go d fortran objc obj-c++ m2 --prefix=/usr --with-gcc-major-version-only --program-suffix=-10 --program-prefix=arm-linux-gnueabihf- --enable-shared --enable-linker-build-id --libexecdir=/usr/lib --without-included-gettext --enable-threads=posix --libdir=/usr/lib --enable-nls --enable-bootstrap --enable-clocale=gnu --enable-libstdcxx-debug --enable-libstdcxx-time=yes --with-default-libstdcxx-abi=new --enable-gnu-unique-object --disable-libitm --disable-libquadmath --disable-libquadmath-support --enable-plugin --enable-default-pie --with-system-zlib --enable-libphobos-checking=release --with-target-system-zlib=auto --enable-objc-gc=auto --enable-multiarch --disable-sjlj-exceptions --with-arch=armv7-a --with-fpu=vfpv3-d16 --with-float=hard --with-mode=thumb --disable-werror --enable-checking=release --build=arm-linux-gnueabihf --host=arm-linux-gnueabihf --target=arm-linux-gnueabihf]
  ignore line: [Thread model: posix]
  ignore line: [Supported LTO compression algorithms: zlib zstd]
  ignore line: [gcc version 10.2.1 20210110 (Debian 10.2.1-6) ]
  ignore line: [COMPILER_PATH=/usr/lib/gcc/arm-linux-gnueabihf/10/:/usr/lib/gcc/arm-linux-gnueabihf/10/:/usr/lib/gcc/arm-linux-gnueabihf/:/usr/lib/gcc/arm-linux-gnueabihf/10/:/usr/lib/gcc/arm-linux-gnueabihf/]
  ignore line: [LIBRARY_PATH=/usr/lib/gcc/arm-linux-gnueabihf/10/:/usr/lib/gcc/arm-linux-gnueabihf/10/../../../arm-linux-gnueabihf/:/usr/lib/gcc/arm-linux-gnueabihf/10/../../../:/lib/arm-linux-gnueabihf/:/lib/:/usr/lib/arm-linux-gnueabihf/:/usr/lib/]
  ignore line: [COLLECT_GCC_OPTIONS='-v' '-rdynamic' '-o' 'cmTC_af713'  '-mfloat-abi=hard' '-mfpu=vfpv3-d16' '-mthumb' '-mtls-dialect=gnu' '-march=armv7-a+fp']
  link line: [ /usr/lib/gcc/arm-linux-gnueabihf/10/collect2 -plugin /usr/lib/gcc/arm-linux-gnueabihf/10/liblto_plugin.so -plugin-opt=/usr/lib/gcc/arm-linux-gnueabihf/10/lto-wrapper -plugin-opt=-fresolution=/tmp/ccFzA2DR.res -plugin-opt=-pass-through=-lgcc -plugin-opt=-pass-through=-lgcc_s -plugin-opt=-pass-through=-lc -plugin-opt=-pass-through=-lgcc -plugin-opt=-pass-through=-lgcc_s --build-id --eh-frame-hdr -export-dynamic -dynamic-linker /lib/ld-linux-armhf.so.3 -X --hash-style=gnu --as-needed -m armelf_linux_eabi -pie -o cmTC_af713 /usr/lib/gcc/arm-linux-gnueabihf/10/../../../arm-linux-gnueabihf/Scrt1.o /usr/lib/gcc/arm-linux-gnueabihf/10/../../../arm-linux-gnueabihf/crti.o /usr/lib/gcc/arm-linux-gnueabihf/10/crtbeginS.o -L/usr/lib/gcc/arm-linux-gnueabihf/10 -L/usr/lib/gcc/arm-linux-gnueabihf/10/../../../arm-linux-gnueabihf -L/usr/lib/gcc/arm-linux-gnueabihf/10/../../.. -L/lib/arm-linux-gnueabihf -L/usr/lib/arm-linux-gnueabihf CMakeFiles/cmTC_af713.dir/CMakeCCompilerABI.c.o -lgcc --push-state --as-needed -lgcc_s --pop-state -lc -lgcc --push-state --as-needed -lgcc_s --pop-state /usr/lib/gcc/arm-linux-gnueabihf/10/crtendS.o /usr/lib/gcc/arm-linux-gnueabihf/10/../../../arm-linux-gnueabihf/crtn.o]
    arg [/usr/lib/gcc/arm-linux-gnueabihf/10/collect2] ==> ignore
    arg [-plugin] ==> ignore
    arg [/usr/lib/gcc/arm-linux-gnueabihf/10/liblto_plugin.so] ==> ignore
    arg [-plugin-opt=/usr/lib/gcc/arm-linux-gnueabihf/10/lto-wrapper] ==> ignore
    arg [-plugin-opt=-fresolution=/tmp/ccFzA2DR.res] ==> ignore
    arg [-plugin-opt=-pass-through=-lgcc] ==> ignore
    arg [-plugin-opt=-pass-through=-lgcc_s] ==> ignore
    arg [-plugin-opt=-pass-through=-lc] ==> ignore
    arg [-plugin-opt=-pass-through=-lgcc] ==> ignore
    arg [-plugin-opt=-pass-through=-lgcc_s] ==> ignore
    arg [--build-id] ==> ignore
    arg [--eh-frame-hdr] ==> ignore
    arg [-export-dynamic] ==> ignore
    arg [-dynamic-linker] ==> ignore
    arg [/lib/ld-linux-armhf.so.3] ==> ignore
    arg [-X] ==> ignore
    arg [--hash-style=gnu] ==> ignore
    arg [--as-needed] ==> ignore
    arg [-m] ==> ignore
    arg [armelf_linux_eabi] ==> ignore
    arg [-pie] ==> ignore
    arg [-o] ==> ignore
    arg [cmTC_af713] ==> ignore
    arg [/usr/lib/gcc/arm-linux-gnueabihf/10/../../../arm-linux-gnueabihf/Scrt1.o] ==> ignore
    arg [/usr/lib/gcc/arm-linux-gnueabihf/10/../../../arm-linux-gnueabihf/crti.o] ==> ignore
    arg [/usr/lib/gcc/arm-linux-gnueabihf/10/crtbeginS.o] ==> ignore
    arg [-L/usr/lib/gcc/arm-linux-gnueabihf/10] ==> dir [/usr/lib/gcc/arm-linux-gnueabihf/10]
    arg [-L/usr/lib/gcc/arm-linux-gnueabihf/10/../../../arm-linux-gnueabihf] ==> dir [/usr/lib/gcc/arm-linux-gnueabihf/10/../../../arm-linux-gnueabihf]
    arg [-L/usr/lib/gcc/arm-linux-gnueabihf/10/../../..] ==> dir [/usr/lib/gcc/arm-linux-gnueabihf/10/../../..]
    arg [-L/lib/arm-linux-gnueabihf] ==> dir [/lib/arm-linux-gnueabihf]
    arg [-L/usr/lib/arm-linux-gnueabihf] ==> dir [/usr/lib/arm-linux-gnueabihf]
    arg [CMakeFiles/cmTC_af713.dir/CMakeCCompilerABI.c.o] ==> ignore
    arg [-lgcc] ==> lib [gcc]
    arg [--push-state] ==> ignore
    arg [--as-needed] ==> ignore
    arg [-lgcc_s] ==> lib [gcc_s]
    arg [--pop-state] ==> ignore
    arg [-lc] ==> lib [c]
    arg [-lgcc] ==> lib [gcc]
    arg [--push-state] ==> ignore
    arg [--as-needed] ==> ignore
    arg [-lgcc_s] ==> lib [gcc_s]
    arg [--pop-state] ==> ignore
    arg [/usr/lib/gcc/arm-linux-gnueabihf/10/crtendS.o] ==> ignore
    arg [/usr/lib/gcc/arm-linux-gnueabihf/10/../../../arm-linux-gnueabihf/crtn.o] ==> ignore
  collapse library dir [/usr/lib/gcc/arm-linux-gnueabihf/10] ==> [/usr/lib/gcc/arm-linux-gnueabihf/10]
  collapse library dir [/usr/lib/gcc/arm-linux-gnueabihf/10/../../../arm-linux-gnueabihf] ==> [/usr/lib/arm-linux-gnueabihf]
  collapse library dir [/usr/lib/gcc/arm-linux-gnueabihf/10/../../..] ==> [/usr/lib]
  collapse library dir [/lib/arm-linux-gnueabihf] ==> [/lib/arm-linux-gnueabihf]
  collapse library dir [/usr/lib/arm-linux-gnueabihf] ==> [/usr/lib/arm-linux-gnueabihf]
  implicit libs: [gcc;gcc_s;c;gcc;gcc_s]
  implicit dirs: [/usr/lib/gcc/arm-linux-gnueabihf/10;/usr/lib/arm-linux-gnueabihf;/usr/lib;/lib/arm-linux-gnueabihf]
  implicit fwks: []


Detecting CXX compiler ABI info compiled with the following output:
Change Dir: /root/blender-git/blender-2.7.9/blender-2.79/build/CMakeFiles/CMakeTmp

Run Build Command(s):/usr/bin/gmake cmTC_43324/fast && /usr/bin/gmake  -f CMakeFiles/cmTC_43324.dir/build.make CMakeFiles/cmTC_43324.dir/build
gmake[1]: Entering directory '/root/blender-git/blender-2.7.9/blender-2.79/build/CMakeFiles/CMakeTmp'
Building CXX object CMakeFiles/cmTC_43324.dir/CMakeCXXCompilerABI.cpp.o
/usr/bin/c++   -fPIC -mbe32 -march=native    -v -o CMakeFiles/cmTC_43324.dir/CMakeCXXCompilerABI.cpp.o -c /usr/share/cmake-3.18/Modules/CMakeCXXCompilerABI.cpp
Using built-in specs.
COLLECT_GCC=/usr/bin/c++
Target: arm-linux-gnueabihf
Configured with: ../src/configure -v --with-pkgversion='Debian 10.2.1-6' --with-bugurl=file:///usr/share/doc/gcc-10/README.Bugs --enable-languages=c,ada,c++,go,d,fortran,objc,obj-c++,m2 --prefix=/usr --with-gcc-major-version-only --program-suffix=-10 --program-prefix=arm-linux-gnueabihf- --enable-shared --enable-linker-build-id --libexecdir=/usr/lib --without-included-gettext --enable-threads=posix --libdir=/usr/lib --enable-nls --enable-bootstrap --enable-clocale=gnu --enable-libstdcxx-debug --enable-libstdcxx-time=yes --with-default-libstdcxx-abi=new --enable-gnu-unique-object --disable-libitm --disable-libquadmath --disable-libquadmath-support --enable-plugin --enable-default-pie --with-system-zlib --enable-libphobos-checking=release --with-target-system-zlib=auto --enable-objc-gc=auto --enable-multiarch --disable-sjlj-exceptions --with-arch=armv7-a --with-fpu=vfpv3-d16 --with-float=hard --with-mode=thumb --disable-werror --enable-checking=release --build=arm-linux-gnueabihf --host=arm-linux-gnueabihf --target=arm-linux-gnueabihf
Thread model: posix
Supported LTO compression algorithms: zlib zstd
gcc version 10.2.1 20210110 (Debian 10.2.1-6) 
COLLECT_GCC_OPTIONS='-fPIC' '-mbe32'  '-v' '-o' 'CMakeFiles/cmTC_43324.dir/CMakeCXXCompilerABI.cpp.o' '-c' '-shared-libgcc' '-mfloat-abi=hard' '-mfpu=vfpv3-d16' '-mthumb' '-mtls-dialect=gnu'  '-march=armv8-a+crc+simd'
 /usr/lib/gcc/arm-linux-gnueabihf/10/cc1plus -quiet -v -imultilib . -imultiarch arm-linux-gnueabihf -D_GNU_SOURCE /usr/share/cmake-3.18/Modules/CMakeCXXCompilerABI.cpp -quiet -dumpbase CMakeCXXCompilerABI.cpp -mbe32 -mfloat-abi=hard -mfpu=vfpv3-d16 -mthumb -mtls-dialect=gnu -march=armv8-a+crc+simd -auxbase-strip CMakeFiles/cmTC_43324.dir/CMakeCXXCompilerABI.cpp.o -version -fPIC -o /tmp/cck7YyUn.s
GNU C++14 (Debian 10.2.1-6) version 10.2.1 20210110 (arm-linux-gnueabihf)
	compiled by GNU C version 10.2.1 20210110, GMP version 6.2.1, MPFR version 4.1.0, MPC version 1.2.0, isl version isl-0.23-GMP

GGC heuristics: --param ggc-min-expand=100 --param ggc-min-heapsize=131072
ignoring duplicate directory "/usr/include/arm-linux-gnueabihf/c++/10"
ignoring nonexistent directory "/usr/local/include/arm-linux-gnueabihf"
ignoring nonexistent directory "/usr/lib/gcc/arm-linux-gnueabihf/10/include-fixed"
ignoring nonexistent directory "/usr/lib/gcc/arm-linux-gnueabihf/10/../../../../arm-linux-gnueabihf/include"
#include "..." search starts here:
#include <...> search starts here:
 /usr/include/c++/10
 /usr/include/arm-linux-gnueabihf/c++/10
 /usr/include/c++/10/backward
 /usr/lib/gcc/arm-linux-gnueabihf/10/include
 /usr/local/include
 /usr/include/arm-linux-gnueabihf
 /usr/include
End of search list.
GNU C++14 (Debian 10.2.1-6) version 10.2.1 20210110 (arm-linux-gnueabihf)
	compiled by GNU C version 10.2.1 20210110, GMP version 6.2.1, MPFR version 4.1.0, MPC version 1.2.0, isl version isl-0.23-GMP

GGC heuristics: --param ggc-min-expand=100 --param ggc-min-heapsize=131072
Compiler executable checksum: a889319284317205811f91cc96f021b9
COLLECT_GCC_OPTIONS='-fPIC' '-mbe32'  '-v' '-o' 'CMakeFiles/cmTC_43324.dir/CMakeCXXCompilerABI.cpp.o' '-c' '-shared-libgcc' '-mfloat-abi=hard' '-mfpu=vfpv3-d16' '-mthumb' '-mtls-dialect=gnu'  '-march=armv8-a+crc+simd'
 as -v -march=armv8-a+crc -mfloat-abi=hard -mfpu=vfpv3-d16 -meabi=5 -o CMakeFiles/cmTC_43324.dir/CMakeCXXCompilerABI.cpp.o /tmp/cck7YyUn.s
GNU assembler version 2.35.2 (arm-linux-gnueabihf) using BFD version (GNU Binutils for Debian) 2.35.2
COMPILER_PATH=/usr/lib/gcc/arm-linux-gnueabihf/10/:/usr/lib/gcc/arm-linux-gnueabihf/10/:/usr/lib/gcc/arm-linux-gnueabihf/:/usr/lib/gcc/arm-linux-gnueabihf/10/:/usr/lib/gcc/arm-linux-gnueabihf/
LIBRARY_PATH=/usr/lib/gcc/arm-linux-gnueabihf/10/:/usr/lib/gcc/arm-linux-gnueabihf/10/../../../arm-linux-gnueabihf/:/usr/lib/gcc/arm-linux-gnueabihf/10/../../../:/lib/arm-linux-gnueabihf/:/lib/:/usr/lib/arm-linux-gnueabihf/:/usr/lib/
COLLECT_GCC_OPTIONS='-fPIC' '-mbe32'  '-v' '-o' 'CMakeFiles/cmTC_43324.dir/CMakeCXXCompilerABI.cpp.o' '-c' '-shared-libgcc' '-mfloat-abi=hard' '-mfpu=vfpv3-d16' '-mthumb' '-mtls-dialect=gnu'  '-march=armv8-a+crc+simd'
Linking CXX executable cmTC_43324
/usr/bin/cmake -E cmake_link_script CMakeFiles/cmTC_43324.dir/link.txt --verbose=1
/usr/bin/c++ -fPIC -mbe32 -march=native   -v -rdynamic CMakeFiles/cmTC_43324.dir/CMakeCXXCompilerABI.cpp.o -o cmTC_43324 
Using built-in specs.
COLLECT_GCC=/usr/bin/c++
COLLECT_LTO_WRAPPER=/usr/lib/gcc/arm-linux-gnueabihf/10/lto-wrapper
Target: arm-linux-gnueabihf
Configured with: ../src/configure -v --with-pkgversion='Debian 10.2.1-6' --with-bugurl=file:///usr/share/doc/gcc-10/README.Bugs --enable-languages=c,ada,c++,go,d,fortran,objc,obj-c++,m2 --prefix=/usr --with-gcc-major-version-only --program-suffix=-10 --program-prefix=arm-linux-gnueabihf- --enable-shared --enable-linker-build-id --libexecdir=/usr/lib --without-included-gettext --enable-threads=posix --libdir=/usr/lib --enable-nls --enable-bootstrap --enable-clocale=gnu --enable-libstdcxx-debug --enable-libstdcxx-time=yes --with-default-libstdcxx-abi=new --enable-gnu-unique-object --disable-libitm --disable-libquadmath --disable-libquadmath-support --enable-plugin --enable-default-pie --with-system-zlib --enable-libphobos-checking=release --with-target-system-zlib=auto --enable-objc-gc=auto --enable-multiarch --disable-sjlj-exceptions --with-arch=armv7-a --with-fpu=vfpv3-d16 --with-float=hard --with-mode=thumb --disable-werror --enable-checking=release --build=arm-linux-gnueabihf --host=arm-linux-gnueabihf --target=arm-linux-gnueabihf
Thread model: posix
Supported LTO compression algorithms: zlib zstd
gcc version 10.2.1 20210110 (Debian 10.2.1-6) 
COMPILER_PATH=/usr/lib/gcc/arm-linux-gnueabihf/10/:/usr/lib/gcc/arm-linux-gnueabihf/10/:/usr/lib/gcc/arm-linux-gnueabihf/:/usr/lib/gcc/arm-linux-gnueabihf/10/:/usr/lib/gcc/arm-linux-gnueabihf/
LIBRARY_PATH=/usr/lib/gcc/arm-linux-gnueabihf/10/:/usr/lib/gcc/arm-linux-gnueabihf/10/../../../arm-linux-gnueabihf/:/usr/lib/gcc/arm-linux-gnueabihf/10/../../../:/lib/arm-linux-gnueabihf/:/lib/:/usr/lib/arm-linux-gnueabihf/:/usr/lib/
COLLECT_GCC_OPTIONS='-fPIC' '-mbe32'  '-v' '-rdynamic' '-o' 'cmTC_43324' '-shared-libgcc' '-mfloat-abi=hard' '-mfpu=vfpv3-d16' '-mthumb' '-mtls-dialect=gnu'  '-march=armv8-a+crc+simd'
 /usr/lib/gcc/arm-linux-gnueabihf/10/collect2 -plugin /usr/lib/gcc/arm-linux-gnueabihf/10/liblto_plugin.so -plugin-opt=/usr/lib/gcc/arm-linux-gnueabihf/10/lto-wrapper -plugin-opt=-fresolution=/tmp/cct1Vvl3.res -plugin-opt=-pass-through=-lgcc_s -plugin-opt=-pass-through=-lgcc -plugin-opt=-pass-through=-lc -plugin-opt=-pass-through=-lgcc_s -plugin-opt=-pass-through=-lgcc --build-id --eh-frame-hdr -export-dynamic -dynamic-linker /lib/ld-linux-armhf.so.3 -X --hash-style=gnu --as-needed -m armelf_linux_eabi -pie -o cmTC_43324 /usr/lib/gcc/arm-linux-gnueabihf/10/../../../arm-linux-gnueabihf/Scrt1.o /usr/lib/gcc/arm-linux-gnueabihf/10/../../../arm-linux-gnueabihf/crti.o /usr/lib/gcc/arm-linux-gnueabihf/10/crtbeginS.o -L/usr/lib/gcc/arm-linux-gnueabihf/10 -L/usr/lib/gcc/arm-linux-gnueabihf/10/../../../arm-linux-gnueabihf -L/usr/lib/gcc/arm-linux-gnueabihf/10/../../.. -L/lib/arm-linux-gnueabihf -L/usr/lib/arm-linux-gnueabihf CMakeFiles/cmTC_43324.dir/CMakeCXXCompilerABI.cpp.o -lstdc++ -lm -lgcc_s -lgcc -lc -lgcc_s -lgcc /usr/lib/gcc/arm-linux-gnueabihf/10/crtendS.o /usr/lib/gcc/arm-linux-gnueabihf/10/../../../arm-linux-gnueabihf/crtn.o
COLLECT_GCC_OPTIONS='-fPIC' '-mbe32'  '-v' '-rdynamic' '-o' 'cmTC_43324' '-shared-libgcc' '-mfloat-abi=hard' '-mfpu=vfpv3-d16' '-mthumb' '-mtls-dialect=gnu'  '-march=armv8-a+crc+simd'
gmake[1]: Leaving directory '/root/blender-git/blender-2.7.9/blender-2.79/build/CMakeFiles/CMakeTmp'



Parsed CXX implicit include dir info from above output: rv=done
  found start of include info
  found start of implicit include info
    add: [/usr/include/c++/10]
    add: [/usr/include/arm-linux-gnueabihf/c++/10]
    add: [/usr/include/c++/10/backward]
    add: [/usr/lib/gcc/arm-linux-gnueabihf/10/include]
    add: [/usr/local/include]
    add: [/usr/include/arm-linux-gnueabihf]
    add: [/usr/include]
  end of search list found
  collapse include dir [/usr/include/c++/10] ==> [/usr/include/c++/10]
  collapse include dir [/usr/include/arm-linux-gnueabihf/c++/10] ==> [/usr/include/arm-linux-gnueabihf/c++/10]
  collapse include dir [/usr/include/c++/10/backward] ==> [/usr/include/c++/10/backward]
  collapse include dir [/usr/lib/gcc/arm-linux-gnueabihf/10/include] ==> [/usr/lib/gcc/arm-linux-gnueabihf/10/include]
  collapse include dir [/usr/local/include] ==> [/usr/local/include]
  collapse include dir [/usr/include/arm-linux-gnueabihf] ==> [/usr/include/arm-linux-gnueabihf]
  collapse include dir [/usr/include] ==> [/usr/include]
  implicit include dirs: [/usr/include/c++/10;/usr/include/arm-linux-gnueabihf/c++/10;/usr/include/c++/10/backward;/usr/lib/gcc/arm-linux-gnueabihf/10/include;/usr/local/include;/usr/include/arm-linux-gnueabihf;/usr/include]


Parsed CXX implicit link information from above output:
  link line regex: [^( *|.*[/\])(ld|CMAKE_LINK_STARTFILE-NOTFOUND|([^/\]+-)?ld|collect2)[^/\]*( |$)]
  ignore line: [Change Dir: /root/blender-git/blender-2.7.9/blender-2.79/build/CMakeFiles/CMakeTmp]
  ignore line: []
  ignore line: [Run Build Command(s):/usr/bin/gmake cmTC_43324/fast && /usr/bin/gmake  -f CMakeFiles/cmTC_43324.dir/build.make CMakeFiles/cmTC_43324.dir/build]
  ignore line: [gmake[1]: Entering directory '/root/blender-git/blender-2.7.9/blender-2.79/build/CMakeFiles/CMakeTmp']
  ignore line: [Building CXX object CMakeFiles/cmTC_43324.dir/CMakeCXXCompilerABI.cpp.o]
  ignore line: [/usr/bin/c++   -fPIC -mbe32 -march=native    -v -o CMakeFiles/cmTC_43324.dir/CMakeCXXCompilerABI.cpp.o -c /usr/share/cmake-3.18/Modules/CMakeCXXCompilerABI.cpp]
  ignore line: [Using built-in specs.]
  ignore line: [COLLECT_GCC=/usr/bin/c++]
  ignore line: [Target: arm-linux-gnueabihf]
  ignore line: [Configured with: ../src/configure -v --with-pkgversion='Debian 10.2.1-6' --with-bugurl=file:///usr/share/doc/gcc-10/README.Bugs --enable-languages=c ada c++ go d fortran objc obj-c++ m2 --prefix=/usr --with-gcc-major-version-only --program-suffix=-10 --program-prefix=arm-linux-gnueabihf- --enable-shared --enable-linker-build-id --libexecdir=/usr/lib --without-included-gettext --enable-threads=posix --libdir=/usr/lib --enable-nls --enable-bootstrap --enable-clocale=gnu --enable-libstdcxx-debug --enable-libstdcxx-time=yes --with-default-libstdcxx-abi=new --enable-gnu-unique-object --disable-libitm --disable-libquadmath --disable-libquadmath-support --enable-plugin --enable-default-pie --with-system-zlib --enable-libphobos-checking=release --with-target-system-zlib=auto --enable-objc-gc=auto --enable-multiarch --disable-sjlj-exceptions --with-arch=armv7-a --with-fpu=vfpv3-d16 --with-float=hard --with-mode=thumb --disable-werror --enable-checking=release --build=arm-linux-gnueabihf --host=arm-linux-gnueabihf --target=arm-linux-gnueabihf]
  ignore line: [Thread model: posix]
  ignore line: [Supported LTO compression algorithms: zlib zstd]
  ignore line: [gcc version 10.2.1 20210110 (Debian 10.2.1-6) ]
  ignore line: [COLLECT_GCC_OPTIONS='-fPIC' '-mbe32'  '-v' '-o' 'CMakeFiles/cmTC_43324.dir/CMakeCXXCompilerABI.cpp.o' '-c' '-shared-libgcc' '-mfloat-abi=hard' '-mfpu=vfpv3-d16' '-mthumb' '-mtls-dialect=gnu'  '-march=armv8-a+crc+simd']
  ignore line: [ /usr/lib/gcc/arm-linux-gnueabihf/10/cc1plus -quiet -v -imultilib . -imultiarch arm-linux-gnueabihf -D_GNU_SOURCE /usr/share/cmake-3.18/Modules/CMakeCXXCompilerABI.cpp -quiet -dumpbase CMakeCXXCompilerABI.cpp -mbe32 -mfloat-abi=hard -mfpu=vfpv3-d16 -mthumb -mtls-dialect=gnu -march=armv8-a+crc+simd -auxbase-strip CMakeFiles/cmTC_43324.dir/CMakeCXXCompilerABI.cpp.o -version -fPIC -o /tmp/cck7YyUn.s]
  ignore line: [GNU C++14 (Debian 10.2.1-6) version 10.2.1 20210110 (arm-linux-gnueabihf)]
  ignore line: [	compiled by GNU C version 10.2.1 20210110  GMP version 6.2.1  MPFR version 4.1.0  MPC version 1.2.0  isl version isl-0.23-GMP]
  ignore line: []
  ignore line: [GGC heuristics: --param ggc-min-expand=100 --param ggc-min-heapsize=131072]
  ignore line: [ignoring duplicate directory "/usr/include/arm-linux-gnueabihf/c++/10"]
  ignore line: [ignoring nonexistent directory "/usr/local/include/arm-linux-gnueabihf"]
  ignore line: [ignoring nonexistent directory "/usr/lib/gcc/arm-linux-gnueabihf/10/include-fixed"]
  ignore line: [ignoring nonexistent directory "/usr/lib/gcc/arm-linux-gnueabihf/10/../../../../arm-linux-gnueabihf/include"]
  ignore line: [#include "..." search starts here:]
  ignore line: [#include <...> search starts here:]
  ignore line: [ /usr/include/c++/10]
  ignore line: [ /usr/include/arm-linux-gnueabihf/c++/10]
  ignore line: [ /usr/include/c++/10/backward]
  ignore line: [ /usr/lib/gcc/arm-linux-gnueabihf/10/include]
  ignore line: [ /usr/local/include]
  ignore line: [ /usr/include/arm-linux-gnueabihf]
  ignore line: [ /usr/include]
  ignore line: [End of search list.]
  ignore line: [GNU C++14 (Debian 10.2.1-6) version 10.2.1 20210110 (arm-linux-gnueabihf)]
  ignore line: [	compiled by GNU C version 10.2.1 20210110  GMP version 6.2.1  MPFR version 4.1.0  MPC version 1.2.0  isl version isl-0.23-GMP]
  ignore line: []
  ignore line: [GGC heuristics: --param ggc-min-expand=100 --param ggc-min-heapsize=131072]
  ignore line: [Compiler executable checksum: a889319284317205811f91cc96f021b9]
  ignore line: [COLLECT_GCC_OPTIONS='-fPIC' '-mbe32'  '-v' '-o' 'CMakeFiles/cmTC_43324.dir/CMakeCXXCompilerABI.cpp.o' '-c' '-shared-libgcc' '-mfloat-abi=hard' '-mfpu=vfpv3-d16' '-mthumb' '-mtls-dialect=gnu'  '-march=armv8-a+crc+simd']
  ignore line: [ as -v -march=armv8-a+crc -mfloat-abi=hard -mfpu=vfpv3-d16 -meabi=5 -o CMakeFiles/cmTC_43324.dir/CMakeCXXCompilerABI.cpp.o /tmp/cck7YyUn.s]
  ignore line: [GNU assembler version 2.35.2 (arm-linux-gnueabihf) using BFD version (GNU Binutils for Debian) 2.35.2]
  ignore line: [COMPILER_PATH=/usr/lib/gcc/arm-linux-gnueabihf/10/:/usr/lib/gcc/arm-linux-gnueabihf/10/:/usr/lib/gcc/arm-linux-gnueabihf/:/usr/lib/gcc/arm-linux-gnueabihf/10/:/usr/lib/gcc/arm-linux-gnueabihf/]
  ignore line: [LIBRARY_PATH=/usr/lib/gcc/arm-linux-gnueabihf/10/:/usr/lib/gcc/arm-linux-gnueabihf/10/../../../arm-linux-gnueabihf/:/usr/lib/gcc/arm-linux-gnueabihf/10/../../../:/lib/arm-linux-gnueabihf/:/lib/:/usr/lib/arm-linux-gnueabihf/:/usr/lib/]
  ignore line: [COLLECT_GCC_OPTIONS='-fPIC' '-mbe32'  '-v' '-o' 'CMakeFiles/cmTC_43324.dir/CMakeCXXCompilerABI.cpp.o' '-c' '-shared-libgcc' '-mfloat-abi=hard' '-mfpu=vfpv3-d16' '-mthumb' '-mtls-dialect=gnu'  '-march=armv8-a+crc+simd']
  ignore line: [Linking CXX executable cmTC_43324]
  ignore line: [/usr/bin/cmake -E cmake_link_script CMakeFiles/cmTC_43324.dir/link.txt --verbose=1]
  ignore line: [/usr/bin/c++ -fPIC -mbe32 -march=native   -v -rdynamic CMakeFiles/cmTC_43324.dir/CMakeCXXCompilerABI.cpp.o -o cmTC_43324 ]
  ignore line: [Using built-in specs.]
  ignore line: [COLLECT_GCC=/usr/bin/c++]
  ignore line: [COLLECT_LTO_WRAPPER=/usr/lib/gcc/arm-linux-gnueabihf/10/lto-wrapper]
  ignore line: [Target: arm-linux-gnueabihf]
  ignore line: [Configured with: ../src/configure -v --with-pkgversion='Debian 10.2.1-6' --with-bugurl=file:///usr/share/doc/gcc-10/README.Bugs --enable-languages=c ada c++ go d fortran objc obj-c++ m2 --prefix=/usr --with-gcc-major-version-only --program-suffix=-10 --program-prefix=arm-linux-gnueabihf- --enable-shared --enable-linker-build-id --libexecdir=/usr/lib --without-included-gettext --enable-threads=posix --libdir=/usr/lib --enable-nls --enable-bootstrap --enable-clocale=gnu --enable-libstdcxx-debug --enable-libstdcxx-time=yes --with-default-libstdcxx-abi=new --enable-gnu-unique-object --disable-libitm --disable-libquadmath --disable-libquadmath-support --enable-plugin --enable-default-pie --with-system-zlib --enable-libphobos-checking=release --with-target-system-zlib=auto --enable-objc-gc=auto --enable-multiarch --disable-sjlj-exceptions --with-arch=armv7-a --with-fpu=vfpv3-d16 --with-float=hard --with-mode=thumb --disable-werror --enable-checking=release --build=arm-linux-gnueabihf --host=arm-linux-gnueabihf --target=arm-linux-gnueabihf]
  ignore line: [Thread model: posix]
  ignore line: [Supported LTO compression algorithms: zlib zstd]
  ignore line: [gcc version 10.2.1 20210110 (Debian 10.2.1-6) ]
  ignore line: [COMPILER_PATH=/usr/lib/gcc/arm-linux-gnueabihf/10/:/usr/lib/gcc/arm-linux-gnueabihf/10/:/usr/lib/gcc/arm-linux-gnueabihf/:/usr/lib/gcc/arm-linux-gnueabihf/10/:/usr/lib/gcc/arm-linux-gnueabihf/]
  ignore line: [LIBRARY_PATH=/usr/lib/gcc/arm-linux-gnueabihf/10/:/usr/lib/gcc/arm-linux-gnueabihf/10/../../../arm-linux-gnueabihf/:/usr/lib/gcc/arm-linux-gnueabihf/10/../../../:/lib/arm-linux-gnueabihf/:/lib/:/usr/lib/arm-linux-gnueabihf/:/usr/lib/]
  ignore line: [COLLECT_GCC_OPTIONS='-fPIC' '-mbe32'  '-v' '-rdynamic' '-o' 'cmTC_43324' '-shared-libgcc' '-mfloat-abi=hard' '-mfpu=vfpv3-d16' '-mthumb' '-mtls-dialect=gnu'  '-march=armv8-a+crc+simd']
  link line: [ /usr/lib/gcc/arm-linux-gnueabihf/10/collect2 -plugin /usr/lib/gcc/arm-linux-gnueabihf/10/liblto_plugin.so -plugin-opt=/usr/lib/gcc/arm-linux-gnueabihf/10/lto-wrapper -plugin-opt=-fresolution=/tmp/cct1Vvl3.res -plugin-opt=-pass-through=-lgcc_s -plugin-opt=-pass-through=-lgcc -plugin-opt=-pass-through=-lc -plugin-opt=-pass-through=-lgcc_s -plugin-opt=-pass-through=-lgcc --build-id --eh-frame-hdr -export-dynamic -dynamic-linker /lib/ld-linux-armhf.so.3 -X --hash-style=gnu --as-needed -m armelf_linux_eabi -pie -o cmTC_43324 /usr/lib/gcc/arm-linux-gnueabihf/10/../../../arm-linux-gnueabihf/Scrt1.o /usr/lib/gcc/arm-linux-gnueabihf/10/../../../arm-linux-gnueabihf/crti.o /usr/lib/gcc/arm-linux-gnueabihf/10/crtbeginS.o -L/usr/lib/gcc/arm-linux-gnueabihf/10 -L/usr/lib/gcc/arm-linux-gnueabihf/10/../../../arm-linux-gnueabihf -L/usr/lib/gcc/arm-linux-gnueabihf/10/../../.. -L/lib/arm-linux-gnueabihf -L/usr/lib/arm-linux-gnueabihf CMakeFiles/cmTC_43324.dir/CMakeCXXCompilerABI.cpp.o -lstdc++ -lm -lgcc_s -lgcc -lc -lgcc_s -lgcc /usr/lib/gcc/arm-linux-gnueabihf/10/crtendS.o /usr/lib/gcc/arm-linux-gnueabihf/10/../../../arm-linux-gnueabihf/crtn.o]
    arg [/usr/lib/gcc/arm-linux-gnueabihf/10/collect2] ==> ignore
    arg [-plugin] ==> ignore
    arg [/usr/lib/gcc/arm-linux-gnueabihf/10/liblto_plugin.so] ==> ignore
    arg [-plugin-opt=/usr/lib/gcc/arm-linux-gnueabihf/10/lto-wrapper] ==> ignore
    arg [-plugin-opt=-fresolution=/tmp/cct1Vvl3.res] ==> ignore
    arg [-plugin-opt=-pass-through=-lgcc_s] ==> ignore
    arg [-plugin-opt=-pass-through=-lgcc] ==> ignore
    arg [-plugin-opt=-pass-through=-lc] ==> ignore
    arg [-plugin-opt=-pass-through=-lgcc_s] ==> ignore
    arg [-plugin-opt=-pass-through=-lgcc] ==> ignore
    arg [--build-id] ==> ignore
    arg [--eh-frame-hdr] ==> ignore
    arg [-export-dynamic] ==> ignore
    arg [-dynamic-linker] ==> ignore
    arg [/lib/ld-linux-armhf.so.3] ==> ignore
    arg [-X] ==> ignore
    arg [--hash-style=gnu] ==> ignore
    arg [--as-needed] ==> ignore
    arg [-m] ==> ignore
    arg [armelf_linux_eabi] ==> ignore
    arg [-pie] ==> ignore
    arg [-o] ==> ignore
    arg [cmTC_43324] ==> ignore
    arg [/usr/lib/gcc/arm-linux-gnueabihf/10/../../../arm-linux-gnueabihf/Scrt1.o] ==> ignore
    arg [/usr/lib/gcc/arm-linux-gnueabihf/10/../../../arm-linux-gnueabihf/crti.o] ==> ignore
    arg [/usr/lib/gcc/arm-linux-gnueabihf/10/crtbeginS.o] ==> ignore
    arg [-L/usr/lib/gcc/arm-linux-gnueabihf/10] ==> dir [/usr/lib/gcc/arm-linux-gnueabihf/10]
    arg [-L/usr/lib/gcc/arm-linux-gnueabihf/10/../../../arm-linux-gnueabihf] ==> dir [/usr/lib/gcc/arm-linux-gnueabihf/10/../../../arm-linux-gnueabihf]
    arg [-L/usr/lib/gcc/arm-linux-gnueabihf/10/../../..] ==> dir [/usr/lib/gcc/arm-linux-gnueabihf/10/../../..]
    arg [-L/lib/arm-linux-gnueabihf] ==> dir [/lib/arm-linux-gnueabihf]
    arg [-L/usr/lib/arm-linux-gnueabihf] ==> dir [/usr/lib/arm-linux-gnueabihf]
    arg [CMakeFiles/cmTC_43324.dir/CMakeCXXCompilerABI.cpp.o] ==> ignore
    arg [-lstdc++] ==> lib [stdc++]
    arg [-lm] ==> lib [m]
    arg [-lgcc_s] ==> lib [gcc_s]
    arg [-lgcc] ==> lib [gcc]
    arg [-lc] ==> lib [c]
    arg [-lgcc_s] ==> lib [gcc_s]
    arg [-lgcc] ==> lib [gcc]
    arg [/usr/lib/gcc/arm-linux-gnueabihf/10/crtendS.o] ==> ignore
    arg [/usr/lib/gcc/arm-linux-gnueabihf/10/../../../arm-linux-gnueabihf/crtn.o] ==> ignore
  collapse library dir [/usr/lib/gcc/arm-linux-gnueabihf/10] ==> [/usr/lib/gcc/arm-linux-gnueabihf/10]
  collapse library dir [/usr/lib/gcc/arm-linux-gnueabihf/10/../../../arm-linux-gnueabihf] ==> [/usr/lib/arm-linux-gnueabihf]
  collapse library dir [/usr/lib/gcc/arm-linux-gnueabihf/10/../../..] ==> [/usr/lib]
  collapse library dir [/lib/arm-linux-gnueabihf] ==> [/lib/arm-linux-gnueabihf]
  collapse library dir [/usr/lib/arm-linux-gnueabihf] ==> [/usr/lib/arm-linux-gnueabihf]
  implicit libs: [stdc++;m;gcc_s;gcc;c;gcc_s;gcc]
  implicit dirs: [/usr/lib/gcc/arm-linux-gnueabihf/10;/usr/lib/arm-linux-gnueabihf;/usr/lib;/lib/arm-linux-gnueabihf]
  implicit fwks: []


Determining if the include file memory exists passed with the following output:
Change Dir: /root/blender-git/blender-2.7.9/blender-2.79/build/CMakeFiles/CMakeTmp

Run Build Command(s):/usr/bin/gmake cmTC_1090d/fast && /usr/bin/gmake  -f CMakeFiles/cmTC_1090d.dir/build.make CMakeFiles/cmTC_1090d.dir/build
gmake[1]: Entering directory '/root/blender-git/blender-2.7.9/blender-2.79/build/CMakeFiles/CMakeTmp'
Building CXX object CMakeFiles/cmTC_1090d.dir/CheckIncludeFile.cxx.o
/usr/bin/c++   -fPIC -mbe32 -march=native  -o CMakeFiles/cmTC_1090d.dir/CheckIncludeFile.cxx.o -c /root/blender-git/blender-2.7.9/blender-2.79/build/CMakeFiles/CMakeTmp/CheckIncludeFile.cxx
Linking CXX executable cmTC_1090d
/usr/bin/cmake -E cmake_link_script CMakeFiles/cmTC_1090d.dir/link.txt --verbose=1
/usr/bin/c++ -fPIC -mbe32 -march=native  -rdynamic CMakeFiles/cmTC_1090d.dir/CheckIncludeFile.cxx.o -o cmTC_1090d 
gmake[1]: Leaving directory '/root/blender-git/blender-2.7.9/blender-2.79/build/CMakeFiles/CMakeTmp'



Performing C++ SOURCE FILE Test HAVE_SHARED_PTR_IN_STD_NAMESPACE succeeded with the following output:
Change Dir: /root/blender-git/blender-2.7.9/blender-2.79/build/CMakeFiles/CMakeTmp

Run Build Command(s):/usr/bin/gmake cmTC_6df15/fast && /usr/bin/gmake  -f CMakeFiles/cmTC_6df15.dir/build.make CMakeFiles/cmTC_6df15.dir/build
gmake[1]: Entering directory '/root/blender-git/blender-2.7.9/blender-2.79/build/CMakeFiles/CMakeTmp'
Building CXX object CMakeFiles/cmTC_6df15.dir/src.cxx.o
/usr/bin/c++   -fPIC -mbe32 -march=native -DHAVE_SHARED_PTR_IN_STD_NAMESPACE -o CMakeFiles/cmTC_6df15.dir/src.cxx.o -c /root/blender-git/blender-2.7.9/blender-2.79/build/CMakeFiles/CMakeTmp/src.cxx
Linking CXX executable cmTC_6df15
/usr/bin/cmake -E cmake_link_script CMakeFiles/cmTC_6df15.dir/link.txt --verbose=1
/usr/bin/c++ -fPIC -mbe32 -march=native -DHAVE_SHARED_PTR_IN_STD_NAMESPACE -rdynamic CMakeFiles/cmTC_6df15.dir/src.cxx.o -o cmTC_6df15 
gmake[1]: Leaving directory '/root/blender-git/blender-2.7.9/blender-2.79/build/CMakeFiles/CMakeTmp'


Source file was:
#include <memory>
		                           int main() {
		                             std::shared_ptr<int> int_ptr;
		                             return 0;
		                           }
Determining if the include file unordered_map exists passed with the following output:
Change Dir: /root/blender-git/blender-2.7.9/blender-2.79/build/CMakeFiles/CMakeTmp

Run Build Command(s):/usr/bin/gmake cmTC_0697a/fast && /usr/bin/gmake  -f CMakeFiles/cmTC_0697a.dir/build.make CMakeFiles/cmTC_0697a.dir/build
gmake[1]: Entering directory '/root/blender-git/blender-2.7.9/blender-2.79/build/CMakeFiles/CMakeTmp'
Building CXX object CMakeFiles/cmTC_0697a.dir/CheckIncludeFile.cxx.o
/usr/bin/c++   -fPIC -mbe32 -march=native  -o CMakeFiles/cmTC_0697a.dir/CheckIncludeFile.cxx.o -c /root/blender-git/blender-2.7.9/blender-2.79/build/CMakeFiles/CMakeTmp/CheckIncludeFile.cxx
Linking CXX executable cmTC_0697a
/usr/bin/cmake -E cmake_link_script CMakeFiles/cmTC_0697a.dir/link.txt --verbose=1
/usr/bin/c++ -fPIC -mbe32 -march=native  -rdynamic CMakeFiles/cmTC_0697a.dir/CheckIncludeFile.cxx.o -o cmTC_0697a 
gmake[1]: Leaving directory '/root/blender-git/blender-2.7.9/blender-2.79/build/CMakeFiles/CMakeTmp'



Performing C++ SOURCE FILE Test HAVE_UNORDERED_MAP_IN_STD_NAMESPACE succeeded with the following output:
Change Dir: /root/blender-git/blender-2.7.9/blender-2.79/build/CMakeFiles/CMakeTmp

Run Build Command(s):/usr/bin/gmake cmTC_4406f/fast && /usr/bin/gmake  -f CMakeFiles/cmTC_4406f.dir/build.make CMakeFiles/cmTC_4406f.dir/build
gmake[1]: Entering directory '/root/blender-git/blender-2.7.9/blender-2.79/build/CMakeFiles/CMakeTmp'
Building CXX object CMakeFiles/cmTC_4406f.dir/src.cxx.o
/usr/bin/c++   -fPIC -mbe32 -march=native -DHAVE_UNORDERED_MAP_IN_STD_NAMESPACE -o CMakeFiles/cmTC_4406f.dir/src.cxx.o -c /root/blender-git/blender-2.7.9/blender-2.79/build/CMakeFiles/CMakeTmp/src.cxx
Linking CXX executable cmTC_4406f
/usr/bin/cmake -E cmake_link_script CMakeFiles/cmTC_4406f.dir/link.txt --verbose=1
/usr/bin/c++ -fPIC -mbe32 -march=native -DHAVE_UNORDERED_MAP_IN_STD_NAMESPACE -rdynamic CMakeFiles/cmTC_4406f.dir/src.cxx.o -o cmTC_4406f 
gmake[1]: Leaving directory '/root/blender-git/blender-2.7.9/blender-2.79/build/CMakeFiles/CMakeTmp'


Source file was:
#include <unordered_map>
		                          int main() {
		                            std::unordered_map<int, int> map;
		                            return 0;
		                          }
Determining if the function XOpenDisplay exists in the /usr/lib/arm-linux-gnueabihf/libX11.so;/usr/lib/arm-linux-gnueabihf/libXext.so passed with the following output:
Change Dir: /root/blender-git/blender-2.7.9/blender-2.79/build/CMakeFiles/CMakeTmp

Run Build Command(s):/usr/bin/gmake cmTC_bc236/fast && /usr/bin/gmake  -f CMakeFiles/cmTC_bc236.dir/build.make CMakeFiles/cmTC_bc236.dir/build
gmake[1]: Entering directory '/root/blender-git/blender-2.7.9/blender-2.79/build/CMakeFiles/CMakeTmp'
Building C object CMakeFiles/cmTC_bc236.dir/CheckFunctionExists.c.o
/usr/bin/cc   -DCHECK_FUNCTION_EXISTS=XOpenDisplay -o CMakeFiles/cmTC_bc236.dir/CheckFunctionExists.c.o -c /usr/share/cmake-3.18/Modules/CheckFunctionExists.c
Linking C executable cmTC_bc236
/usr/bin/cmake -E cmake_link_script CMakeFiles/cmTC_bc236.dir/link.txt --verbose=1
/usr/bin/cc  -DCHECK_FUNCTION_EXISTS=XOpenDisplay -rdynamic CMakeFiles/cmTC_bc236.dir/CheckFunctionExists.c.o -o cmTC_bc236  /usr/lib/arm-linux-gnueabihf/libX11.so /usr/lib/arm-linux-gnueabihf/libXext.so 
gmake[1]: Leaving directory '/root/blender-git/blender-2.7.9/blender-2.79/build/CMakeFiles/CMakeTmp'



Determining if the function gethostbyname exists passed with the following output:
Change Dir: /root/blender-git/blender-2.7.9/blender-2.79/build/CMakeFiles/CMakeTmp

Run Build Command(s):/usr/bin/gmake cmTC_4d40b/fast && /usr/bin/gmake  -f CMakeFiles/cmTC_4d40b.dir/build.make CMakeFiles/cmTC_4d40b.dir/build
gmake[1]: Entering directory '/root/blender-git/blender-2.7.9/blender-2.79/build/CMakeFiles/CMakeTmp'
Building C object CMakeFiles/cmTC_4d40b.dir/CheckFunctionExists.c.o
/usr/bin/cc   -DCHECK_FUNCTION_EXISTS=gethostbyname -o CMakeFiles/cmTC_4d40b.dir/CheckFunctionExists.c.o -c /usr/share/cmake-3.18/Modules/CheckFunctionExists.c
Linking C executable cmTC_4d40b
/usr/bin/cmake -E cmake_link_script CMakeFiles/cmTC_4d40b.dir/link.txt --verbose=1
/usr/bin/cc  -DCHECK_FUNCTION_EXISTS=gethostbyname -rdynamic CMakeFiles/cmTC_4d40b.dir/CheckFunctionExists.c.o -o cmTC_4d40b 
gmake[1]: Leaving directory '/root/blender-git/blender-2.7.9/blender-2.79/build/CMakeFiles/CMakeTmp'



Determining if the function connect exists passed with the following output:
Change Dir: /root/blender-git/blender-2.7.9/blender-2.79/build/CMakeFiles/CMakeTmp

Run Build Command(s):/usr/bin/gmake cmTC_94624/fast && /usr/bin/gmake  -f CMakeFiles/cmTC_94624.dir/build.make CMakeFiles/cmTC_94624.dir/build
gmake[1]: Entering directory '/root/blender-git/blender-2.7.9/blender-2.79/build/CMakeFiles/CMakeTmp'
Building C object CMakeFiles/cmTC_94624.dir/CheckFunctionExists.c.o
/usr/bin/cc   -DCHECK_FUNCTION_EXISTS=connect -o CMakeFiles/cmTC_94624.dir/CheckFunctionExists.c.o -c /usr/share/cmake-3.18/Modules/CheckFunctionExists.c
Linking C executable cmTC_94624
/usr/bin/cmake -E cmake_link_script CMakeFiles/cmTC_94624.dir/link.txt --verbose=1
/usr/bin/cc  -DCHECK_FUNCTION_EXISTS=connect -rdynamic CMakeFiles/cmTC_94624.dir/CheckFunctionExists.c.o -o cmTC_94624 
gmake[1]: Leaving directory '/root/blender-git/blender-2.7.9/blender-2.79/build/CMakeFiles/CMakeTmp'



Determining if the function remove exists passed with the following output:
Change Dir: /root/blender-git/blender-2.7.9/blender-2.79/build/CMakeFiles/CMakeTmp

Run Build Command(s):/usr/bin/gmake cmTC_71f36/fast && /usr/bin/gmake  -f CMakeFiles/cmTC_71f36.dir/build.make CMakeFiles/cmTC_71f36.dir/build
gmake[1]: Entering directory '/root/blender-git/blender-2.7.9/blender-2.79/build/CMakeFiles/CMakeTmp'
Building C object CMakeFiles/cmTC_71f36.dir/CheckFunctionExists.c.o
/usr/bin/cc   -DCHECK_FUNCTION_EXISTS=remove -o CMakeFiles/cmTC_71f36.dir/CheckFunctionExists.c.o -c /usr/share/cmake-3.18/Modules/CheckFunctionExists.c
Linking C executable cmTC_71f36
/usr/bin/cmake -E cmake_link_script CMakeFiles/cmTC_71f36.dir/link.txt --verbose=1
/usr/bin/cc  -DCHECK_FUNCTION_EXISTS=remove -rdynamic CMakeFiles/cmTC_71f36.dir/CheckFunctionExists.c.o -o cmTC_71f36 
gmake[1]: Leaving directory '/root/blender-git/blender-2.7.9/blender-2.79/build/CMakeFiles/CMakeTmp'



Determining if the function shmat exists passed with the following output:
Change Dir: /root/blender-git/blender-2.7.9/blender-2.79/build/CMakeFiles/CMakeTmp

Run Build Command(s):/usr/bin/gmake cmTC_1864e/fast && /usr/bin/gmake  -f CMakeFiles/cmTC_1864e.dir/build.make CMakeFiles/cmTC_1864e.dir/build
gmake[1]: Entering directory '/root/blender-git/blender-2.7.9/blender-2.79/build/CMakeFiles/CMakeTmp'
Building C object CMakeFiles/cmTC_1864e.dir/CheckFunctionExists.c.o
/usr/bin/cc   -DCHECK_FUNCTION_EXISTS=shmat -o CMakeFiles/cmTC_1864e.dir/CheckFunctionExists.c.o -c /usr/share/cmake-3.18/Modules/CheckFunctionExists.c
Linking C executable cmTC_1864e
/usr/bin/cmake -E cmake_link_script CMakeFiles/cmTC_1864e.dir/link.txt --verbose=1
/usr/bin/cc  -DCHECK_FUNCTION_EXISTS=shmat -rdynamic CMakeFiles/cmTC_1864e.dir/CheckFunctionExists.c.o -o cmTC_1864e 
gmake[1]: Leaving directory '/root/blender-git/blender-2.7.9/blender-2.79/build/CMakeFiles/CMakeTmp'



Determining if the include file pthread.h exists passed with the following output:
Change Dir: /root/blender-git/blender-2.7.9/blender-2.79/build/CMakeFiles/CMakeTmp

Run Build Command(s):/usr/bin/gmake cmTC_c3913/fast && /usr/bin/gmake  -f CMakeFiles/cmTC_c3913.dir/build.make CMakeFiles/cmTC_c3913.dir/build
gmake[1]: Entering directory '/root/blender-git/blender-2.7.9/blender-2.79/build/CMakeFiles/CMakeTmp'
Building C object CMakeFiles/cmTC_c3913.dir/CheckIncludeFile.c.o
/usr/bin/cc    -o CMakeFiles/cmTC_c3913.dir/CheckIncludeFile.c.o -c /root/blender-git/blender-2.7.9/blender-2.79/build/CMakeFiles/CMakeTmp/CheckIncludeFile.c
Linking C executable cmTC_c3913
/usr/bin/cmake -E cmake_link_script CMakeFiles/cmTC_c3913.dir/link.txt --verbose=1
/usr/bin/cc -rdynamic CMakeFiles/cmTC_c3913.dir/CheckIncludeFile.c.o -o cmTC_c3913 
gmake[1]: Leaving directory '/root/blender-git/blender-2.7.9/blender-2.79/build/CMakeFiles/CMakeTmp'



Determining if the function pthread_create exists in the pthread passed with the following output:
Change Dir: /root/blender-git/blender-2.7.9/blender-2.79/build/CMakeFiles/CMakeTmp

Run Build Command(s):/usr/bin/gmake cmTC_1fc4d/fast && /usr/bin/gmake  -f CMakeFiles/cmTC_1fc4d.dir/build.make CMakeFiles/cmTC_1fc4d.dir/build
gmake[1]: Entering directory '/root/blender-git/blender-2.7.9/blender-2.79/build/CMakeFiles/CMakeTmp'
Building C object CMakeFiles/cmTC_1fc4d.dir/CheckFunctionExists.c.o
/usr/bin/cc   -DCHECK_FUNCTION_EXISTS=pthread_create -o CMakeFiles/cmTC_1fc4d.dir/CheckFunctionExists.c.o -c /usr/share/cmake-3.18/Modules/CheckFunctionExists.c
Linking C executable cmTC_1fc4d
/usr/bin/cmake -E cmake_link_script CMakeFiles/cmTC_1fc4d.dir/link.txt --verbose=1
/usr/bin/cc  -DCHECK_FUNCTION_EXISTS=pthread_create -rdynamic CMakeFiles/cmTC_1fc4d.dir/CheckFunctionExists.c.o -o cmTC_1fc4d  -lpthread 
gmake[1]: Leaving directory '/root/blender-git/blender-2.7.9/blender-2.79/build/CMakeFiles/CMakeTmp'



